<?xml version="1.0" encoding="UTF-8"?>
<!-- Generated by org.testng.reporters.JUnitReportReporter -->
<testsuite skipped="0" hostname="DESKTOP-BMA1ARG" name="com.clearcode.testsuite.TestSuite1" tests="6" failures="0" timestamp="2020-06-28T13:49:36 IST" time="79.343" errors="0">
  <testcase name="contactForm" time="10.662" classname="com.clearcode.testsuite.TestSuite1"/>
  <testcase name="contactForm" time="10.349" classname="com.clearcode.testsuite.TestSuite1"/>
  <testcase name="contactForm" time="11.376" classname="com.clearcode.testsuite.TestSuite1"/>
  <testcase name="contactForm1" time="11.068" classname="com.clearcode.testsuite.TestSuite1"/>
  <testcase name="contactForm1" time="24.668" classname="com.clearcode.testsuite.TestSuite1"/>
  <testcase name="contactForm1" time="11.220" classname="com.clearcode.testsuite.TestSuite1"/>
</testsuite> <!-- com.clearcode.testsuite.TestSuite1 -->
