<?xml version="1.0" encoding="UTF-8"?>
<!-- Generated by org.testng.reporters.JUnitReportReporter -->
<testsuite skipped="0" hostname="DESKTOP-BMA1ARG" name="com.clearcode.testsuite.TestSuite1" tests="3" failures="0" timestamp="2020-06-24T18:10:30 IST" time="75.028" errors="0">
  <testcase name="contactForm" time="45.394" classname="com.clearcode.testsuite.TestSuite1"/>
  <testcase name="contactForm" time="14.761" classname="com.clearcode.testsuite.TestSuite1"/>
  <testcase name="contactForm" time="14.873" classname="com.clearcode.testsuite.TestSuite1"/>
</testsuite> <!-- com.clearcode.testsuite.TestSuite1 -->
