<?xml version="1.0" encoding="UTF-8"?>
<!-- Generated by org.testng.reporters.JUnitReportReporter -->
<testsuite skipped="1" hostname="DESKTOP-BMA1ARG" name="com.clearcode.testsuite.TestSuite1" tests="4" failures="0" timestamp="2020-06-25T21:18:32 IST" time="54.911" errors="0">
  <testcase name="contactForm1" time="13.014" classname="com.clearcode.testsuite.TestSuite1"/>
  <testcase name="contactForm1" time="12.876" classname="com.clearcode.testsuite.TestSuite1"/>
  <testcase name="contactForm1" time="29.021" classname="com.clearcode.testsuite.TestSuite1"/>
  <testcase name="contactForm" classname="com.clearcode.testsuite.TestSuite1">
    <skipped/>
  </testcase> <!-- contactForm -->
</testsuite> <!-- com.clearcode.testsuite.TestSuite1 -->
